[  204427ms] Error: StarIcon is not defined
    at eval (webpack-internal:///(rsc)/./src/app/page.tsx:538:141)
    at Array.map (<anonymous>)
    at Page (webpack-internal:///(rsc)/./src/app/page.tsx:491:97)
    at e_ (/Users/mksglu/Server/Mert/mksg.lu/node_modules/next/dist/compiled/next-server/app-page.runtime.dev.js:35:264101)
    at e (/Users/mksglu/Server/Mert/mksg.lu/node_modules/next/dist/compiled/next-server/app-page.runtime.dev.js:35:268233)
    at eF (/Users/mksglu/Server/Mert/mksg.lu/node_modules/next/dist/compiled/next-server/app-page.runtime.dev.js:35:268721)
    at eq (/Users/mksglu/Server/Mert/mksg.lu/node_modules/next/dist/compiled/next-server/app-page.runtime.dev.js:35:274685)
    at ej (/Users/mksglu/Server/Mert/mksg.lu/node_modules/next/dist/compiled/next-server/app-page.runtime.dev.js:35:264929)
    at e_ (/Users/mksglu/Server/Mert/mksg.lu/node_modules/next/dist/compiled/next-server/app-page.runtime.dev.js:35:263971)
    at e (/Users/mksglu/Server/Mert/mksg.lu/node_modules/next/dist/compiled/next-server/app-page.runtime.dev.js:35:268233)
    at eF (/Users/mksglu/Server/Mert/mksg.lu/node_modules/next/dist/compiled/next-server/app-page.runtime.dev.js:35:268721)
    at /Users/mksglu/Server/Mert/mksg.lu/node_modules/next/dist/compiled/next-server/app-page.runtime.dev.js:35:265952
    at Array.toJSON (/Users/mksglu/Server/Mert/mksg.lu/node_modules/next/dist/compiled/next-server/app-page.runtime.dev.js:35:266416)
    at stringify (<anonymous>)
    at eq (/Users/mksglu/Server/Mert/mksg.lu/node_modules/next/dist/compiled/next-server/app-page.runtime.dev.js:35:274784)
    at eJ (/Users/mksglu/Server/Mert/mksg.lu/node_modules/next/dist/compiled/next-server/app-page.runtime.dev.js:35:275302)
    at AsyncLocalStorage.run (node:async_hooks:346:14)
    at Timeout._onTimeout (/Users/mksglu/Server/Mert/mksg.lu/node_modules/next/dist/compiled/next-server/app-page.runtime.dev.js:35:283297)
    at listOnTimeout (node:internal/timers:581:17)
    at process.processTimers (node:internal/timers:519:7)
[  204439ms] Error: StarIcon is not defined
    at eval (webpack-internal:///(rsc)/./src/app/page.tsx:538:141)
    at Array.map (<anonymous>)
    at Page (webpack-internal:///(rsc)/./src/app/page.tsx:491:97)
    at e_ (/Users/mksglu/Server/Mert/mksg.lu/node_modules/next/dist/compiled/next-server/app-page.runtime.dev.js:35:264101)
    at e (/Users/mksglu/Server/Mert/mksg.lu/node_modules/next/dist/compiled/next-server/app-page.runtime.dev.js:35:268233)
    at eF (/Users/mksglu/Server/Mert/mksg.lu/node_modules/next/dist/compiled/next-server/app-page.runtime.dev.js:35:268721)
    at eq (/Users/mksglu/Server/Mert/mksg.lu/node_modules/next/dist/compiled/next-server/app-page.runtime.dev.js:35:274685)
    at ej (/Users/mksglu/Server/Mert/mksg.lu/node_modules/next/dist/compiled/next-server/app-page.runtime.dev.js:35:264929)
    at e_ (/Users/mksglu/Server/Mert/mksg.lu/node_modules/next/dist/compiled/next-server/app-page.runtime.dev.js:35:263971)
    at e (/Users/mksglu/Server/Mert/mksg.lu/node_modules/next/dist/compiled/next-server/app-page.runtime.dev.js:35:268233)
    at eF (/Users/mksglu/Server/Mert/mksg.lu/node_modules/next/dist/compiled/next-server/app-page.runtime.dev.js:35:268721)
    at /Users/mksglu/Server/Mert/mksg.lu/node_modules/next/dist/compiled/next-server/app-page.runtime.dev.js:35:265952
    at Array.toJSON (/Users/mksglu/Server/Mert/mksg.lu/node_modules/next/dist/compiled/next-server/app-page.runtime.dev.js:35:266416)
    at stringify (<anonymous>)
    at eq (/Users/mksglu/Server/Mert/mksg.lu/node_modules/next/dist/compiled/next-server/app-page.runtime.dev.js:35:274784)
    at eJ (/Users/mksglu/Server/Mert/mksg.lu/node_modules/next/dist/compiled/next-server/app-page.runtime.dev.js:35:275302)
    at AsyncLocalStorage.run (node:async_hooks:346:14)
    at Timeout._onTimeout (/Users/mksglu/Server/Mert/mksg.lu/node_modules/next/dist/compiled/next-server/app-page.runtime.dev.js:35:283297)
    at listOnTimeout (node:internal/timers:581:17)
    at process.processTimers (node:internal/timers:519:7)
[  204454ms] Error: StarIcon is not defined
    at eval (webpack-internal:///(rsc)/./src/app/page.tsx:538:141)
    at Array.map (<anonymous>)
    at Page (webpack-internal:///(rsc)/./src/app/page.tsx:491:97)
    at e_ (/Users/mksglu/Server/Mert/mksg.lu/node_modules/next/dist/compiled/next-server/app-page.runtime.dev.js:35:264101)
    at e (/Users/mksglu/Server/Mert/mksg.lu/node_modules/next/dist/compiled/next-server/app-page.runtime.dev.js:35:268233)
    at eF (/Users/mksglu/Server/Mert/mksg.lu/node_modules/next/dist/compiled/next-server/app-page.runtime.dev.js:35:268721)
    at eq (/Users/mksglu/Server/Mert/mksg.lu/node_modules/next/dist/compiled/next-server/app-page.runtime.dev.js:35:274685)
    at ej (/Users/mksglu/Server/Mert/mksg.lu/node_modules/next/dist/compiled/next-server/app-page.runtime.dev.js:35:264929)
    at e_ (/Users/mksglu/Server/Mert/mksg.lu/node_modules/next/dist/compiled/next-server/app-page.runtime.dev.js:35:263971)
    at e (/Users/mksglu/Server/Mert/mksg.lu/node_modules/next/dist/compiled/next-server/app-page.runtime.dev.js:35:268233)
    at eF (/Users/mksglu/Server/Mert/mksg.lu/node_modules/next/dist/compiled/next-server/app-page.runtime.dev.js:35:268721)
    at /Users/mksglu/Server/Mert/mksg.lu/node_modules/next/dist/compiled/next-server/app-page.runtime.dev.js:35:265952
    at Array.toJSON (/Users/mksglu/Server/Mert/mksg.lu/node_modules/next/dist/compiled/next-server/app-page.runtime.dev.js:35:266416)
    at stringify (<anonymous>)
    at eq (/Users/mksglu/Server/Mert/mksg.lu/node_modules/next/dist/compiled/next-server/app-page.runtime.dev.js:35:274784)
    at eJ (/Users/mksglu/Server/Mert/mksg.lu/node_modules/next/dist/compiled/next-server/app-page.runtime.dev.js:35:275302)
    at AsyncLocalStorage.run (node:async_hooks:346:14)
    at Timeout._onTimeout (/Users/mksglu/Server/Mert/mksg.lu/node_modules/next/dist/compiled/next-server/app-page.runtime.dev.js:35:283297)
    at listOnTimeout (node:internal/timers:581:17)
    at process.processTimers (node:internal/timers:519:7)
[  204456ms] Error: StarIcon is not defined
    at eval (webpack-internal:///(rsc)/./src/app/page.tsx:538:141)
    at Array.map (<anonymous>)
    at Page (webpack-internal:///(rsc)/./src/app/page.tsx:491:97)
    at e_ (/Users/mksglu/Server/Mert/mksg.lu/node_modules/next/dist/compiled/next-server/app-page.runtime.dev.js:35:264101)
    at e (/Users/mksglu/Server/Mert/mksg.lu/node_modules/next/dist/compiled/next-server/app-page.runtime.dev.js:35:268233)
    at eF (/Users/mksglu/Server/Mert/mksg.lu/node_modules/next/dist/compiled/next-server/app-page.runtime.dev.js:35:268721)
    at eq (/Users/mksglu/Server/Mert/mksg.lu/node_modules/next/dist/compiled/next-server/app-page.runtime.dev.js:35:274685)
    at ej (/Users/mksglu/Server/Mert/mksg.lu/node_modules/next/dist/compiled/next-server/app-page.runtime.dev.js:35:264929)
    at e_ (/Users/mksglu/Server/Mert/mksg.lu/node_modules/next/dist/compiled/next-server/app-page.runtime.dev.js:35:263971)
    at e (/Users/mksglu/Server/Mert/mksg.lu/node_modules/next/dist/compiled/next-server/app-page.runtime.dev.js:35:268233)
    at eF (/Users/mksglu/Server/Mert/mksg.lu/node_modules/next/dist/compiled/next-server/app-page.runtime.dev.js:35:268721)
    at /Users/mksglu/Server/Mert/mksg.lu/node_modules/next/dist/compiled/next-server/app-page.runtime.dev.js:35:265952
    at Array.toJSON (/Users/mksglu/Server/Mert/mksg.lu/node_modules/next/dist/compiled/next-server/app-page.runtime.dev.js:35:266416)
    at stringify (<anonymous>)
    at eq (/Users/mksglu/Server/Mert/mksg.lu/node_modules/next/dist/compiled/next-server/app-page.runtime.dev.js:35:274784)
    at eJ (/Users/mksglu/Server/Mert/mksg.lu/node_modules/next/dist/compiled/next-server/app-page.runtime.dev.js:35:275302)
    at AsyncLocalStorage.run (node:async_hooks:346:14)
    at Timeout._onTimeout (/Users/mksglu/Server/Mert/mksg.lu/node_modules/next/dist/compiled/next-server/app-page.runtime.dev.js:35:283297)
    at listOnTimeout (node:internal/timers:581:17)
    at process.processTimers (node:internal/timers:519:7)
[  204458ms] Error: StarIcon is not defined
    at eval (webpack-internal:///(rsc)/./src/app/page.tsx:538:141)
    at Array.map (<anonymous>)
    at Page (webpack-internal:///(rsc)/./src/app/page.tsx:491:97)
    at e_ (/Users/mksglu/Server/Mert/mksg.lu/node_modules/next/dist/compiled/next-server/app-page.runtime.dev.js:35:264101)
    at e (/Users/mksglu/Server/Mert/mksg.lu/node_modules/next/dist/compiled/next-server/app-page.runtime.dev.js:35:268233)
    at eF (/Users/mksglu/Server/Mert/mksg.lu/node_modules/next/dist/compiled/next-server/app-page.runtime.dev.js:35:268721)
    at eq (/Users/mksglu/Server/Mert/mksg.lu/node_modules/next/dist/compiled/next-server/app-page.runtime.dev.js:35:274685)
    at ej (/Users/mksglu/Server/Mert/mksg.lu/node_modules/next/dist/compiled/next-server/app-page.runtime.dev.js:35:264929)
    at e_ (/Users/mksglu/Server/Mert/mksg.lu/node_modules/next/dist/compiled/next-server/app-page.runtime.dev.js:35:263971)
    at e (/Users/mksglu/Server/Mert/mksg.lu/node_modules/next/dist/compiled/next-server/app-page.runtime.dev.js:35:268233)
    at eF (/Users/mksglu/Server/Mert/mksg.lu/node_modules/next/dist/compiled/next-server/app-page.runtime.dev.js:35:268721)
    at /Users/mksglu/Server/Mert/mksg.lu/node_modules/next/dist/compiled/next-server/app-page.runtime.dev.js:35:265952
    at Array.toJSON (/Users/mksglu/Server/Mert/mksg.lu/node_modules/next/dist/compiled/next-server/app-page.runtime.dev.js:35:266416)
    at stringify (<anonymous>)
    at eq (/Users/mksglu/Server/Mert/mksg.lu/node_modules/next/dist/compiled/next-server/app-page.runtime.dev.js:35:274784)
    at eJ (/Users/mksglu/Server/Mert/mksg.lu/node_modules/next/dist/compiled/next-server/app-page.runtime.dev.js:35:275302)
    at AsyncLocalStorage.run (node:async_hooks:346:14)
    at Timeout._onTimeout (/Users/mksglu/Server/Mert/mksg.lu/node_modules/next/dist/compiled/next-server/app-page.runtime.dev.js:35:283297)
    at listOnTimeout (node:internal/timers:581:17)
    at process.processTimers (node:internal/timers:519:7)
[  204459ms] Error: StarIcon is not defined
    at eval (webpack-internal:///(rsc)/./src/app/page.tsx:538:141)
    at Array.map (<anonymous>)
    at Page (webpack-internal:///(rsc)/./src/app/page.tsx:491:97)
    at e_ (/Users/mksglu/Server/Mert/mksg.lu/node_modules/next/dist/compiled/next-server/app-page.runtime.dev.js:35:264101)
    at e (/Users/mksglu/Server/Mert/mksg.lu/node_modules/next/dist/compiled/next-server/app-page.runtime.dev.js:35:268233)
    at eF (/Users/mksglu/Server/Mert/mksg.lu/node_modules/next/dist/compiled/next-server/app-page.runtime.dev.js:35:268721)
    at eq (/Users/mksglu/Server/Mert/mksg.lu/node_modules/next/dist/compiled/next-server/app-page.runtime.dev.js:35:274685)
    at ej (/Users/mksglu/Server/Mert/mksg.lu/node_modules/next/dist/compiled/next-server/app-page.runtime.dev.js:35:264929)
    at e_ (/Users/mksglu/Server/Mert/mksg.lu/node_modules/next/dist/compiled/next-server/app-page.runtime.dev.js:35:263971)
    at e (/Users/mksglu/Server/Mert/mksg.lu/node_modules/next/dist/compiled/next-server/app-page.runtime.dev.js:35:268233)
    at eF (/Users/mksglu/Server/Mert/mksg.lu/node_modules/next/dist/compiled/next-server/app-page.runtime.dev.js:35:268721)
    at /Users/mksglu/Server/Mert/mksg.lu/node_modules/next/dist/compiled/next-server/app-page.runtime.dev.js:35:265952
    at Array.toJSON (/Users/mksglu/Server/Mert/mksg.lu/node_modules/next/dist/compiled/next-server/app-page.runtime.dev.js:35:266416)
    at stringify (<anonymous>)
    at eq (/Users/mksglu/Server/Mert/mksg.lu/node_modules/next/dist/compiled/next-server/app-page.runtime.dev.js:35:274784)
    at eJ (/Users/mksglu/Server/Mert/mksg.lu/node_modules/next/dist/compiled/next-server/app-page.runtime.dev.js:35:275302)
    at AsyncLocalStorage.run (node:async_hooks:346:14)
    at Timeout._onTimeout (/Users/mksglu/Server/Mert/mksg.lu/node_modules/next/dist/compiled/next-server/app-page.runtime.dev.js:35:283297)
    at listOnTimeout (node:internal/timers:581:17)
    at process.processTimers (node:internal/timers:519:7)
[  204461ms] Error: StarIcon is not defined
    at eval (webpack-internal:///(rsc)/./src/app/page.tsx:538:141)
    at Array.map (<anonymous>)
    at Page (webpack-internal:///(rsc)/./src/app/page.tsx:491:97)
    at e_ (/Users/mksglu/Server/Mert/mksg.lu/node_modules/next/dist/compiled/next-server/app-page.runtime.dev.js:35:264101)
    at e (/Users/mksglu/Server/Mert/mksg.lu/node_modules/next/dist/compiled/next-server/app-page.runtime.dev.js:35:268233)
    at eF (/Users/mksglu/Server/Mert/mksg.lu/node_modules/next/dist/compiled/next-server/app-page.runtime.dev.js:35:268721)
    at eq (/Users/mksglu/Server/Mert/mksg.lu/node_modules/next/dist/compiled/next-server/app-page.runtime.dev.js:35:274685)
    at ej (/Users/mksglu/Server/Mert/mksg.lu/node_modules/next/dist/compiled/next-server/app-page.runtime.dev.js:35:264929)
    at e_ (/Users/mksglu/Server/Mert/mksg.lu/node_modules/next/dist/compiled/next-server/app-page.runtime.dev.js:35:263971)
    at e (/Users/mksglu/Server/Mert/mksg.lu/node_modules/next/dist/compiled/next-server/app-page.runtime.dev.js:35:268233)
    at eF (/Users/mksglu/Server/Mert/mksg.lu/node_modules/next/dist/compiled/next-server/app-page.runtime.dev.js:35:268721)
    at /Users/mksglu/Server/Mert/mksg.lu/node_modules/next/dist/compiled/next-server/app-page.runtime.dev.js:35:265952
    at Array.toJSON (/Users/mksglu/Server/Mert/mksg.lu/node_modules/next/dist/compiled/next-server/app-page.runtime.dev.js:35:266416)
    at stringify (<anonymous>)
    at eq (/Users/mksglu/Server/Mert/mksg.lu/node_modules/next/dist/compiled/next-server/app-page.runtime.dev.js:35:274784)
    at eJ (/Users/mksglu/Server/Mert/mksg.lu/node_modules/next/dist/compiled/next-server/app-page.runtime.dev.js:35:275302)
    at AsyncLocalStorage.run (node:async_hooks:346:14)
    at Timeout._onTimeout (/Users/mksglu/Server/Mert/mksg.lu/node_modules/next/dist/compiled/next-server/app-page.runtime.dev.js:35:283297)
    at listOnTimeout (node:internal/timers:581:17)
    at process.processTimers (node:internal/timers:519:7)
[  204461ms] Error: StarIcon is not defined
    at eval (webpack-internal:///(rsc)/./src/app/page.tsx:538:141)
    at Array.map (<anonymous>)
    at Page (webpack-internal:///(rsc)/./src/app/page.tsx:491:97)
    at e_ (/Users/mksglu/Server/Mert/mksg.lu/node_modules/next/dist/compiled/next-server/app-page.runtime.dev.js:35:264101)
    at e (/Users/mksglu/Server/Mert/mksg.lu/node_modules/next/dist/compiled/next-server/app-page.runtime.dev.js:35:268233)
    at eF (/Users/mksglu/Server/Mert/mksg.lu/node_modules/next/dist/compiled/next-server/app-page.runtime.dev.js:35:268721)
    at eq (/Users/mksglu/Server/Mert/mksg.lu/node_modules/next/dist/compiled/next-server/app-page.runtime.dev.js:35:274685)
    at ej (/Users/mksglu/Server/Mert/mksg.lu/node_modules/next/dist/compiled/next-server/app-page.runtime.dev.js:35:264929)
    at e_ (/Users/mksglu/Server/Mert/mksg.lu/node_modules/next/dist/compiled/next-server/app-page.runtime.dev.js:35:263971)
    at e (/Users/mksglu/Server/Mert/mksg.lu/node_modules/next/dist/compiled/next-server/app-page.runtime.dev.js:35:268233)
    at eF (/Users/mksglu/Server/Mert/mksg.lu/node_modules/next/dist/compiled/next-server/app-page.runtime.dev.js:35:268721)
    at /Users/mksglu/Server/Mert/mksg.lu/node_modules/next/dist/compiled/next-server/app-page.runtime.dev.js:35:265952
    at Array.toJSON (/Users/mksglu/Server/Mert/mksg.lu/node_modules/next/dist/compiled/next-server/app-page.runtime.dev.js:35:266416)
    at stringify (<anonymous>)
    at eq (/Users/mksglu/Server/Mert/mksg.lu/node_modules/next/dist/compiled/next-server/app-page.runtime.dev.js:35:274784)
    at eJ (/Users/mksglu/Server/Mert/mksg.lu/node_modules/next/dist/compiled/next-server/app-page.runtime.dev.js:35:275302)
    at AsyncLocalStorage.run (node:async_hooks:346:14)
    at Timeout._onTimeout (/Users/mksglu/Server/Mert/mksg.lu/node_modules/next/dist/compiled/next-server/app-page.runtime.dev.js:35:283297)
    at listOnTimeout (node:internal/timers:581:17)
    at process.processTimers (node:internal/timers:519:7)
[  204462ms] Error: StarIcon is not defined
    at eval (webpack-internal:///(rsc)/./src/app/page.tsx:538:141)
    at Array.map (<anonymous>)
    at Page (webpack-internal:///(rsc)/./src/app/page.tsx:491:97)
    at e_ (/Users/mksglu/Server/Mert/mksg.lu/node_modules/next/dist/compiled/next-server/app-page.runtime.dev.js:35:264101)
    at e (/Users/mksglu/Server/Mert/mksg.lu/node_modules/next/dist/compiled/next-server/app-page.runtime.dev.js:35:268233)
    at eF (/Users/mksglu/Server/Mert/mksg.lu/node_modules/next/dist/compiled/next-server/app-page.runtime.dev.js:35:268721)
    at eq (/Users/mksglu/Server/Mert/mksg.lu/node_modules/next/dist/compiled/next-server/app-page.runtime.dev.js:35:274685)
    at ej (/Users/mksglu/Server/Mert/mksg.lu/node_modules/next/dist/compiled/next-server/app-page.runtime.dev.js:35:264929)
    at e_ (/Users/mksglu/Server/Mert/mksg.lu/node_modules/next/dist/compiled/next-server/app-page.runtime.dev.js:35:263971)
    at e (/Users/mksglu/Server/Mert/mksg.lu/node_modules/next/dist/compiled/next-server/app-page.runtime.dev.js:35:268233)
    at eF (/Users/mksglu/Server/Mert/mksg.lu/node_modules/next/dist/compiled/next-server/app-page.runtime.dev.js:35:268721)
    at /Users/mksglu/Server/Mert/mksg.lu/node_modules/next/dist/compiled/next-server/app-page.runtime.dev.js:35:265952
    at Array.toJSON (/Users/mksglu/Server/Mert/mksg.lu/node_modules/next/dist/compiled/next-server/app-page.runtime.dev.js:35:266416)
    at stringify (<anonymous>)
    at eq (/Users/mksglu/Server/Mert/mksg.lu/node_modules/next/dist/compiled/next-server/app-page.runtime.dev.js:35:274784)
    at eJ (/Users/mksglu/Server/Mert/mksg.lu/node_modules/next/dist/compiled/next-server/app-page.runtime.dev.js:35:275302)
    at AsyncLocalStorage.run (node:async_hooks:346:14)
    at Timeout._onTimeout (/Users/mksglu/Server/Mert/mksg.lu/node_modules/next/dist/compiled/next-server/app-page.runtime.dev.js:35:283297)
    at listOnTimeout (node:internal/timers:581:17)
    at process.processTimers (node:internal/timers:519:7)
[  204463ms] Error: StarIcon is not defined
    at eval (webpack-internal:///(rsc)/./src/app/page.tsx:538:141)
    at Array.map (<anonymous>)
    at Page (webpack-internal:///(rsc)/./src/app/page.tsx:491:97)
    at e_ (/Users/mksglu/Server/Mert/mksg.lu/node_modules/next/dist/compiled/next-server/app-page.runtime.dev.js:35:264101)
    at e (/Users/mksglu/Server/Mert/mksg.lu/node_modules/next/dist/compiled/next-server/app-page.runtime.dev.js:35:268233)
    at eF (/Users/mksglu/Server/Mert/mksg.lu/node_modules/next/dist/compiled/next-server/app-page.runtime.dev.js:35:268721)
    at eq (/Users/mksglu/Server/Mert/mksg.lu/node_modules/next/dist/compiled/next-server/app-page.runtime.dev.js:35:274685)
    at ej (/Users/mksglu/Server/Mert/mksg.lu/node_modules/next/dist/compiled/next-server/app-page.runtime.dev.js:35:264929)
    at e_ (/Users/mksglu/Server/Mert/mksg.lu/node_modules/next/dist/compiled/next-server/app-page.runtime.dev.js:35:263971)
    at e (/Users/mksglu/Server/Mert/mksg.lu/node_modules/next/dist/compiled/next-server/app-page.runtime.dev.js:35:268233)
    at eF (/Users/mksglu/Server/Mert/mksg.lu/node_modules/next/dist/compiled/next-server/app-page.runtime.dev.js:35:268721)
    at /Users/mksglu/Server/Mert/mksg.lu/node_modules/next/dist/compiled/next-server/app-page.runtime.dev.js:35:265952
    at Array.toJSON (/Users/mksglu/Server/Mert/mksg.lu/node_modules/next/dist/compiled/next-server/app-page.runtime.dev.js:35:266416)
    at stringify (<anonymous>)
    at eq (/Users/mksglu/Server/Mert/mksg.lu/node_modules/next/dist/compiled/next-server/app-page.runtime.dev.js:35:274784)
    at eJ (/Users/mksglu/Server/Mert/mksg.lu/node_modules/next/dist/compiled/next-server/app-page.runtime.dev.js:35:275302)
    at AsyncLocalStorage.run (node:async_hooks:346:14)
    at Timeout._onTimeout (/Users/mksglu/Server/Mert/mksg.lu/node_modules/next/dist/compiled/next-server/app-page.runtime.dev.js:35:283297)
    at listOnTimeout (node:internal/timers:581:17)
    at process.processTimers (node:internal/timers:519:7)
[  204416ms] [ERROR] The above error occurred in the <NotFoundErrorBoundary> component:

    at InnerLayoutRouter (webpack-internal:///(app-pages-browser)/./node_modules/next/dist/client/components/layout-router.js:242:11)
    at RedirectErrorBoundary (webpack-internal:///(app-pages-browser)/./node_modules/next/dist/client/components/redirect-boundary.js:74:9)
    at RedirectBoundary (webpack-internal:///(app-pages-browser)/./node_modules/next/dist/client/components/redirect-boundary.js:82:11)
    at NotFoundErrorBoundary (webpack-internal:///(app-pages-browser)/./node_modules/next/dist/client/components/not-found-boundary.js:76:9)
    at NotFoundBoundary (webpack-internal:///(app-pages-browser)/./node_modules/next/dist/client/components/not-found-boundary.js:84:11)
    at LoadingBoundary (webpack-internal:///(app-pages-browser)/./node_modules/next/dist/client/components/layout-router.js:346:11)
    at ErrorBoundary (webpack-internal:///(app-pages-browser)/./node_modules/next/dist/client/components/error-boundary.js:160:11)
    at InnerScrollAndFocusHandler (webpack-internal:///(app-pages-browser)/./node_modules/next/dist/client/components/layout-router.js:152:9)
    at ScrollAndFocusHandler (webpack-internal:///(app-pages-browser)/./node_modules/next/dist/client/components/layout-router.js:227:11)
    at RenderFromTemplateContext (webpack-internal:///(app-pages-browser)/./node_modules/next/dist/client/components/render-from-template-context.js:16:44)
    at OuterLayoutRouter (webpack-internal:///(app-pages-browser)/./node_modules/next/dist/client/components/layout-router.js:367:11)
    at body
    at html
    at RootLayout (Server)
    at RedirectErrorBoundary (webpack-internal:///(app-pages-browser)/./node_modules/next/dist/client/components/redirect-boundary.js:74:9)
    at RedirectBoundary (webpack-internal:///(app-pages-browser)/./node_modules/next/dist/client/components/redirect-boundary.js:82:11)
    at NotFoundErrorBoundary (webpack-internal:///(app-pages-browser)/./node_modules/next/dist/client/components/not-found-boundary.js:76:9)
    at NotFoundBoundary (webpack-internal:///(app-pages-browser)/./node_modules/next/dist/client/components/not-found-boundary.js:84:11)
    at DevRootNotFoundBoundary (webpack-internal:///(app-pages-browser)/./node_modules/next/dist/client/components/dev-root-not-found-boundary.js:33:11)
    at ReactDevOverlay (webpack-internal:///(app-pages-browser)/./node_modules/next/dist/client/components/react-dev-overlay/app/ReactDevOverlay.js:87:9)
    at HotReload (webpack-internal:///(app-pages-browser)/./node_modules/next/dist/client/components/react-dev-overlay/app/hot-reloader-client.js:321:11)
    at Router (webpack-internal:///(app-pages-browser)/./node_modules/next/dist/client/components/app-router.js:207:11)
    at ErrorBoundaryHandler (webpack-internal:///(app-pages-browser)/./node_modules/next/dist/client/components/error-boundary.js:113:9)
    at ErrorBoundary (webpack-internal:///(app-pages-browser)/./node_modules/next/dist/client/components/error-boundary.js:160:11)
    at AppRouter (webpack-internal:///(app-pages-browser)/./node_modules/next/dist/client/components/app-router.js:577:13)
    at ServerRoot (webpack-internal:///(app-pages-browser)/./node_modules/next/dist/client/app-index.js:112:27)
    at Root (webpack-internal:///(app-pages-browser)/./node_modules/next/dist/client/app-index.js:117:11)

React will try to recreate this component tree from scratch using the error boundary you provided, ReactDevOverlay. @ webpack-internal:///(app-pages-browser)/./node_modules/next/dist/client/app-index.js:32
[  204451ms] [WARNING] [Fast Refresh] performing full reload because your application had an unrecoverable error @ webpack-internal:///(app-pages-browser)/./node_modules/next/dist/client/components/react-dev-overlay/app/hot-reloader-client.js:114
[  207609ms] [WARNING] The resource http://localhost:3847/_next/static/css/css-src_app_globals_css-node_modules_next_font_google_target_css.css?v=1772442151649 was preloaded using link preload but not used within a few seconds from the window's load event. Please make sure it has an appropriate `as` value and it is preloaded intentionally. @ http://localhost:3847/:0
